#
# There is insufficient memory for the Java Runtime Environment to continue.
# Native memory allocation (malloc) failed to allocate 885136 bytes for Chunk::new
# Possible reasons:
#   The system is out of physical RAM or swap space
#   In 32 bit mode, the process size limit was hit
# Possible solutions:
#   Reduce memory load on the system
#   Increase physical memory or swap space
#   Check if swap backing store is full
#   Use 64 bit Java on a 64 bit OS
#   Decrease Java heap size (-Xmx/-Xms)
#   Decrease number of Java threads
#   Decrease Java thread stack sizes (-Xss)
#   Set larger code cache with -XX:ReservedCodeCacheSize=
# This output file may be truncated or incomplete.
#
#  Out of Memory Error (allocation.cpp:390), pid=55992, tid=0x000000000000c98c
#
# JRE version: Java(TM) SE Runtime Environment (8.0_111-b14) (build 1.8.0_111-b14)
# Java VM: Java HotSpot(TM) 64-Bit Server VM (25.111-b14 mixed mode windows-amd64 compressed oops)
# Failed to write core dump. Minidumps are not enabled by default on client versions of Windows
#

---------------  T H R E A D  ---------------

Current thread (0x00000000195bc800):  JavaThread "C2 CompilerThread0" daemon [_thread_in_native, id=51596, stack(0x0000000019db0000,0x0000000019eb0000)]

Stack: [0x0000000019db0000,0x0000000019eb0000]
[error occurred during error reporting (printing stack bounds), id 0xc0000005]

Native frames: (J=compiled Java code, j=interpreted, Vv=VM code, C=native code)


Current CompileTask:
C2:  14560 5420       4       javax.swing.plaf.nimbus.NimbusStyle::validate (1178 bytes)


---------------  P R O C E S S  ---------------

Java Threads: ( => current thread )
  0x000000001d47f000 JavaThread "TimerQueue" daemon [_thread_blocked, id=53840, stack(0x0000000021480000,0x0000000021580000)]
  0x000000001d482000 JavaThread "Image Fetcher 0" daemon [_thread_blocked, id=55412, stack(0x0000000020c80000,0x0000000020d80000)]
  0x000000001d481000 JavaThread "Thread-8" [_thread_blocked, id=49836, stack(0x000000001fe00000,0x000000001ff00000)]
  0x000000001d47e000 JavaThread "Thread-7" [_thread_blocked, id=50776, stack(0x000000001fd00000,0x000000001fe00000)]
  0x000000001d47c800 JavaThread "Thread-6" [_thread_blocked, id=47204, stack(0x000000001fc00000,0x000000001fd00000)]
  0x000000001beb7800 JavaThread "Thread-5" [_thread_blocked, id=45116, stack(0x000000001fa00000,0x000000001fb00000)]
  0x00000000197cd800 JavaThread "Thread-4" [_thread_blocked, id=2208, stack(0x000000001f900000,0x000000001fa00000)]
  0x00000000197cd000 JavaThread "Thread-3" [_thread_blocked, id=49544, stack(0x000000001f800000,0x000000001f900000)]
  0x000000001d75c800 JavaThread "Thread-2" [_thread_blocked, id=6468, stack(0x000000001e6f0000,0x000000001e7f0000)]
  0x00000000025e2800 JavaThread "DestroyJavaVM" [_thread_blocked, id=54404, stack(0x00000000024e0000,0x00000000025e0000)]
  0x000000001998d000 JavaThread "AWT-EventQueue-0" [_thread_in_Java, id=56144, stack(0x000000001b110000,0x000000001b210000)]
  0x000000001a68e800 JavaThread "AWT-Windows" daemon [_thread_in_native, id=56128, stack(0x000000001af20000,0x000000001b020000)]
  0x000000001a68d800 JavaThread "AWT-Shutdown" [_thread_blocked, id=56116, stack(0x000000001ae20000,0x000000001af20000)]
  0x000000001a68b000 JavaThread "Java2D Disposer" daemon [_thread_blocked, id=56112, stack(0x000000001ad20000,0x000000001ae20000)]
  0x00000000195e8800 JavaThread "Service Thread" daemon [_thread_blocked, id=56108, stack(0x000000001a1b0000,0x000000001a2b0000)]
  0x00000000195d1000 JavaThread "C1 CompilerThread3" daemon [_thread_blocked, id=56104, stack(0x000000001a0b0000,0x000000001a1b0000)]
  0x00000000195c1000 JavaThread "C2 CompilerThread2" daemon [_thread_blocked, id=49664, stack(0x0000000019fb0000,0x000000001a0b0000)]
  0x00000000195bf000 JavaThread "C2 CompilerThread1" daemon [_thread_in_native, id=54112, stack(0x0000000019eb0000,0x0000000019fb0000)]
=>0x00000000195bc800 JavaThread "C2 CompilerThread0" daemon [_thread_in_native, id=51596, stack(0x0000000019db0000,0x0000000019eb0000)]
  0x00000000195ba800 JavaThread "Attach Listener" daemon [_thread_blocked, id=54436, stack(0x0000000019cb0000,0x0000000019db0000)]
  0x00000000195b9000 JavaThread "Signal Dispatcher" daemon [_thread_blocked, id=38448, stack(0x0000000019bb0000,0x0000000019cb0000)]
  0x00000000195b0800 JavaThread "Finalizer" daemon [_thread_blocked, id=56100, stack(0x0000000019990000,0x0000000019a90000)]
  0x00000000176bd800 JavaThread "Reference Handler" daemon [_thread_blocked, id=56096, stack(0x0000000019490000,0x0000000019590000)]

Other Threads:
  0x00000000176b8800 VMThread [stack: 0x0000000019390000,0x0000000019490000] [id=10212]
  0x0000000019681000 WatcherThread [stack: 0x000000001a2b0000,0x000000001a3b0000] [id=43912]

VM state:not at safepoint (normal execution)

VM Mutex/Monitor currently owned by a thread: None

Heap:
 PSYoungGen      total 114176K, used 39373K [0x00000000d5b00000, 0x00000000e0480000, 0x0000000100000000)
  eden space 96768K, 40% used [0x00000000d5b00000,0x00000000d8173700,0x00000000db980000)
  from space 17408K, 0% used [0x00000000db980000,0x00000000db980000,0x00000000dca80000)
  to   space 18432K, 0% used [0x00000000df280000,0x00000000df280000,0x00000000e0480000)
 ParOldGen       total 61440K, used 22046K [0x0000000081000000, 0x0000000084c00000, 0x00000000d5b00000)
  object space 61440K, 35% used [0x0000000081000000,0x0000000082587890,0x0000000084c00000)
 Metaspace       used 45932K, capacity 46188K, committed 46592K, reserved 1089536K
  class space    used 5717K, capacity 5809K, committed 5888K, reserved 1048576K

Card table byte_map: [0x0000000011aa0000,0x0000000011ea0000] byte_map_base: 0x0000000011698000

Marking Bits: (ParMarkBitMap*) 0x0000000056eca6c0
 Begin Bits: [0x0000000012950000, 0x0000000014910000)
 End Bits:   [0x0000000014910000, 0x00000000168d0000)

Polling page: 0x00000000003f0000

CodeCache: size=245760Kb used=15573Kb max_used=15847Kb free=230186Kb
 bounds [0x00000000026e0000, 0x0000000003670000, 0x00000000116e0000]
 total_blobs=5344 nmethods=4681 adapters=572
 compilation: enabled

Compilation events (10 events):
Event: 14.537 Thread 0x00000000195d1000 5431       3       javax.swing.text.DefaultStyledDocument$ElementSpec::<init> (10 bytes)
Event: 14.537 Thread 0x00000000195d1000 nmethod 5431 0x00000000028cce10 code [0x00000000028ccf80, 0x00000000028cd128]
Event: 14.537 Thread 0x00000000195d1000 5432       3       javax.swing.text.StyleContext$NamedStyle::<init> (52 bytes)
Event: 14.537 Thread 0x00000000195c1000 5433       4       com.sun.java.swing.SwingUtilities3::getDelegateRepaintManager (73 bytes)
Event: 14.538 Thread 0x00000000195d1000 nmethod 5432 0x0000000002b148d0 code [0x0000000002b14b00, 0x0000000002b15618]
Event: 14.538 Thread 0x00000000195d1000 5434       3       javax.swing.text.BoxView::getPreferredSpan (63 bytes)
Event: 14.538 Thread 0x00000000195d1000 nmethod 5434 0x000000000322f210 code [0x000000000322f3a0, 0x000000000322f968]
Event: 14.538 Thread 0x00000000195d1000 5435       3       javax.swing.text.BoxView::layout (15 bytes)
Event: 14.538 Thread 0x00000000195d1000 nmethod 5435 0x0000000002d5eb50 code [0x0000000002d5ecc0, 0x0000000002d5ef98]
Event: 14.539 Thread 0x00000000195c1000 nmethod 5433 0x00000000029f4210 code [0x00000000029f4360, 0x00000000029f4468]

GC Heap History (10 events):
Event: 5.598 GC heap before
{Heap before GC invocations=7 (full 1):
 PSYoungGen      total 38400K, used 38399K [0x00000000d5b00000, 0x00000000db200000, 0x0000000100000000)
  eden space 33280K, 100% used [0x00000000d5b00000,0x00000000d7b80000,0x00000000d7b80000)
  from space 5120K, 99% used [0x00000000d7b80000,0x00000000d807ff48,0x00000000d8080000)
  to   space 14848K, 0% used [0x00000000da380000,0x00000000da380000,0x00000000db200000)
 ParOldGen       total 61440K, used 21285K [0x0000000081000000, 0x0000000084c00000, 0x00000000d5b00000)
  object space 61440K, 34% used [0x0000000081000000,0x00000000824c9480,0x0000000084c00000)
 Metaspace       used 28697K, capacity 28930K, committed 29056K, reserved 1075200K
  class space    used 3348K, capacity 3437K, committed 3456K, reserved 1048576K
Event: 5.603 GC heap after
Heap after GC invocations=7 (full 1):
 PSYoungGen      total 70144K, used 6727K [0x00000000d5b00000, 0x00000000daf80000, 0x0000000100000000)
  eden space 57856K, 0% used [0x00000000d5b00000,0x00000000d5b00000,0x00000000d9380000)
  from space 12288K, 54% used [0x00000000da380000,0x00000000daa11c30,0x00000000daf80000)
  to   space 14336K, 0% used [0x00000000d9380000,0x00000000d9380000,0x00000000da180000)
 ParOldGen       total 61440K, used 21293K [0x0000000081000000, 0x0000000084c00000, 0x00000000d5b00000)
  object space 61440K, 34% used [0x0000000081000000,0x00000000824cb480,0x0000000084c00000)
 Metaspace       used 28697K, capacity 28930K, committed 29056K, reserved 1075200K
  class space    used 3348K, capacity 3437K, committed 3456K, reserved 1048576K
}
Event: 7.674 GC heap before
{Heap before GC invocations=8 (full 1):
 PSYoungGen      total 70144K, used 64583K [0x00000000d5b00000, 0x00000000daf80000, 0x0000000100000000)
  eden space 57856K, 100% used [0x00000000d5b00000,0x00000000d9380000,0x00000000d9380000)
  from space 12288K, 54% used [0x00000000da380000,0x00000000daa11c30,0x00000000daf80000)
  to   space 14336K, 0% used [0x00000000d9380000,0x00000000d9380000,0x00000000da180000)
 ParOldGen       total 61440K, used 21293K [0x0000000081000000, 0x0000000084c00000, 0x00000000d5b00000)
  object space 61440K, 34% used [0x0000000081000000,0x00000000824cb480,0x0000000084c00000)
 Metaspace       used 30567K, capacity 30772K, committed 31104K, reserved 1077248K
  class space    used 3508K, capacity 3600K, committed 3712K, reserved 1048576K
Event: 7.685 GC heap after
Heap after GC invocations=8 (full 1):
 PSYoungGen      total 72192K, used 12922K [0x00000000d5b00000, 0x00000000dda00000, 0x0000000100000000)
  eden space 57856K, 0% used [0x00000000d5b00000,0x00000000d5b00000,0x00000000d9380000)
  from space 14336K, 90% used [0x00000000d9380000,0x00000000da01ebc0,0x00000000da180000)
  to   space 15872K, 0% used [0x00000000dca80000,0x00000000dca80000,0x00000000dda00000)
 ParOldGen       total 61440K, used 21301K [0x0000000081000000, 0x0000000084c00000, 0x00000000d5b00000)
  object space 61440K, 34% used [0x0000000081000000,0x00000000824cd480,0x0000000084c00000)
 Metaspace       used 30567K, capacity 30772K, committed 31104K, reserved 1077248K
  class space    used 3508K, capacity 3600K, committed 3712K, reserved 1048576K
}
Event: 8.632 GC heap before
{Heap before GC invocations=9 (full 1):
 PSYoungGen      total 72192K, used 70778K [0x00000000d5b00000, 0x00000000dda00000, 0x0000000100000000)
  eden space 57856K, 100% used [0x00000000d5b00000,0x00000000d9380000,0x00000000d9380000)
  from space 14336K, 90% used [0x00000000d9380000,0x00000000da01ebc0,0x00000000da180000)
  to   space 15872K, 0% used [0x00000000dca80000,0x00000000dca80000,0x00000000dda00000)
 ParOldGen       total 61440K, used 21301K [0x0000000081000000, 0x0000000084c00000, 0x00000000d5b00000)
  object space 61440K, 34% used [0x0000000081000000,0x00000000824cd480,0x0000000084c00000)
 Metaspace       used 32914K, capacity 33132K, committed 33408K, reserved 1079296K
  class space    used 3800K, capacity 3892K, committed 3968K, reserved 1048576K
Event: 8.641 GC heap after
Heap after GC invocations=9 (full 1):
 PSYoungGen      total 112640K, used 15055K [0x00000000d5b00000, 0x00000000ddc80000, 0x0000000100000000)
  eden space 96768K, 0% used [0x00000000d5b00000,0x00000000d5b00000,0x00000000db980000)
  from space 15872K, 94% used [0x00000000dca80000,0x00000000dd933da8,0x00000000dda00000)
  to   space 17408K, 0% used [0x00000000db980000,0x00000000db980000,0x00000000dca80000)
 ParOldGen       total 61440K, used 21357K [0x0000000081000000, 0x0000000084c00000, 0x00000000d5b00000)
  object space 61440K, 34% used [0x0000000081000000,0x00000000824db480,0x0000000084c00000)
 Metaspace       used 32914K, capacity 33132K, committed 33408K, reserved 1079296K
  class space    used 3800K, capacity 3892K, committed 3968K, reserved 1048576K
}
Event: 9.497 GC heap before
{Heap before GC invocations=10 (full 1):
 PSYoungGen      total 112640K, used 53286K [0x00000000d5b00000, 0x00000000ddc80000, 0x0000000100000000)
  eden space 96768K, 39% used [0x00000000d5b00000,0x00000000d8055d88,0x00000000db980000)
  from space 15872K, 94% used [0x00000000dca80000,0x00000000dd933da8,0x00000000dda00000)
  to   space 17408K, 0% used [0x00000000db980000,0x00000000db980000,0x00000000dca80000)
 ParOldGen       total 61440K, used 21357K [0x0000000081000000, 0x0000000084c00000, 0x00000000d5b00000)
  object space 61440K, 34% used [0x0000000081000000,0x00000000824db480,0x0000000084c00000)
 Metaspace       used 34942K, capacity 35210K, committed 35416K, reserved 1081344K
  class space    used 3997K, capacity 4089K, committed 4096K, reserved 1048576K
Event: 9.508 GC heap after
Heap after GC invocations=10 (full 1):
 PSYoungGen      total 114176K, used 14517K [0x00000000d5b00000, 0x00000000e0480000, 0x0000000100000000)
  eden space 96768K, 0% used [0x00000000d5b00000,0x00000000d5b00000,0x00000000db980000)
  from space 17408K, 83% used [0x00000000db980000,0x00000000dc7ad688,0x00000000dca80000)
  to   space 18432K, 0% used [0x00000000df280000,0x00000000df280000,0x00000000e0480000)
 ParOldGen       total 61440K, used 24699K [0x0000000081000000, 0x0000000084c00000, 0x00000000d5b00000)
  object space 61440K, 40% used [0x0000000081000000,0x000000008281efb0,0x0000000084c00000)
 Metaspace       used 34942K, capacity 35210K, committed 35416K, reserved 1081344K
  class space    used 3997K, capacity 4089K, committed 4096K, reserved 1048576K
}
Event: 9.508 GC heap before
{Heap before GC invocations=11 (full 2):
 PSYoungGen      total 114176K, used 14517K [0x00000000d5b00000, 0x00000000e0480000, 0x0000000100000000)
  eden space 96768K, 0% used [0x00000000d5b00000,0x00000000d5b00000,0x00000000db980000)
  from space 17408K, 83% used [0x00000000db980000,0x00000000dc7ad688,0x00000000dca80000)
  to   space 18432K, 0% used [0x00000000df280000,0x00000000df280000,0x00000000e0480000)
 ParOldGen       total 61440K, used 24699K [0x0000000081000000, 0x0000000084c00000, 0x00000000d5b00000)
  object space 61440K, 40% used [0x0000000081000000,0x000000008281efb0,0x0000000084c00000)
 Metaspace       used 34942K, capacity 35210K, committed 35416K, reserved 1081344K
  class space    used 3997K, capacity 4089K, committed 4096K, reserved 1048576K
Event: 9.574 GC heap after
Heap after GC invocations=11 (full 2):
 PSYoungGen      total 114176K, used 0K [0x00000000d5b00000, 0x00000000e0480000, 0x0000000100000000)
  eden space 96768K, 0% used [0x00000000d5b00000,0x00000000d5b00000,0x00000000db980000)
  from space 17408K, 0% used [0x00000000db980000,0x00000000db980000,0x00000000dca80000)
  to   space 18432K, 0% used [0x00000000df280000,0x00000000df280000,0x00000000e0480000)
 ParOldGen       total 61440K, used 22046K [0x0000000081000000, 0x0000000084c00000, 0x00000000d5b00000)
  object space 61440K, 35% used [0x0000000081000000,0x0000000082587890,0x0000000084c00000)
 Metaspace       used 34942K, capacity 35210K, committed 35416K, reserved 1081344K
  class space    used 3997K, capacity 4089K, committed 4096K, reserved 1048576K
}

Deoptimization events (10 events):
Event: 12.555 Thread 0x000000001998d000 Uncommon trap: reason=bimorphic action=maybe_recompile pc=0x00000000031076f8 method=java.util.Hashtable.put(Ljava/lang/Object;Ljava/lang/Object;)Ljava/lang/Object; @ 60
Event: 12.564 Thread 0x000000001998d000 Uncommon trap: reason=bimorphic action=maybe_recompile pc=0x00000000031076f8 method=java.util.Hashtable.put(Ljava/lang/Object;Ljava/lang/Object;)Ljava/lang/Object; @ 60
Event: 12.565 Thread 0x000000001998d000 Uncommon trap: reason=bimorphic action=maybe_recompile pc=0x00000000031076f8 method=java.util.Hashtable.put(Ljava/lang/Object;Ljava/lang/Object;)Ljava/lang/Object; @ 60
Event: 12.577 Thread 0x000000001998d000 Uncommon trap: reason=null_check action=make_not_entrant pc=0x000000000354f3f4 method=javax.swing.plaf.nimbus.DerivedColor.equals(Ljava/lang/Object;)Z @ 8
Event: 12.591 Thread 0x000000001d482000 Uncommon trap: reason=class_check action=maybe_recompile pc=0x000000000292679c method=java.lang.AbstractStringBuilder.append(Ljava/lang/CharSequence;)Ljava/lang/AbstractStringBuilder; @ 37
Event: 12.974 Thread 0x000000001998d000 Uncommon trap: reason=class_check action=maybe_recompile pc=0x0000000002d8cd08 method=java.util.HashMap.putVal(ILjava/lang/Object;Ljava/lang/Object;ZZ)Ljava/lang/Object; @ 203
Event: 13.165 Thread 0x000000001998d000 Uncommon trap: reason=unstable_if action=reinterpret pc=0x0000000003000f1c method=java.util.BitSet.get(I)Z @ 45
Event: 14.250 Thread 0x000000001998d000 Uncommon trap: reason=unstable_if action=reinterpret pc=0x0000000003626904 method=java.lang.Math.round(F)I @ 23
Event: 14.250 Thread 0x000000001998d000 Uncommon trap: reason=unstable_if action=reinterpret pc=0x00000000036138b4 method=java.lang.Math.round(F)I @ 23
Event: 14.251 Thread 0x000000001998d000 Uncommon trap: reason=unstable_if action=reinterpret pc=0x0000000003623e20 method=java.lang.Math.round(F)I @ 23

Internal exceptions (10 events):
Event: 12.577 Thread 0x000000001998d000 Implicit null exception at 0x000000000354f0da to 0x000000000354f3e5
Event: 13.116 Thread 0x000000001998d000 Exception <a 'java/lang/ClassNotFoundException': > (0x00000000d6eac1e8) thrown at [C:\re\workspace\8-2-build-windows-amd64-cygwin\jdk8u111\7883\hotspot\src\share\vm\prims\jni.cpp, line 735]
Event: 13.124 Thread 0x000000001998d000 Exception <a 'java/lang/ClassNotFoundException': com/comerzzia/jpos/servicios/login/SesionBeanInfo> (0x00000000d6ee74b0) thrown at [C:\re\workspace\8-2-build-windows-amd64-cygwin\jdk8u111\7883\hotspot\src\share\vm\classfile\systemDictionary.cpp, line 210]
Event: 13.125 Thread 0x000000001998d000 Exception <a 'java/lang/ClassNotFoundException': com/comerzzia/jpos/servicios/login/SesionCustomizer> (0x00000000d6ef1d78) thrown at [C:\re\workspace\8-2-build-windows-amd64-cygwin\jdk8u111\7883\hotspot\src\share\vm\classfile\systemDictionary.cpp, line 21
Event: 13.168 Thread 0x000000001998d000 Exception <a 'java/lang/ClassNotFoundException': java/lang/ObjectCustomizer> (0x00000000d6fd4b98) thrown at [C:\re\workspace\8-2-build-windows-amd64-cygwin\jdk8u111\7883\hotspot\src\share\vm\classfile\systemDictionary.cpp, line 210]
Event: 13.169 Thread 0x000000001998d000 Exception <a 'java/lang/ClassNotFoundException': com/comerzzia/jpos/servicios/login/SesionCustomizer> (0x00000000d6fe3dd0) thrown at [C:\re\workspace\8-2-build-windows-amd64-cygwin\jdk8u111\7883\hotspot\src\share\vm\classfile\systemDictionary.cpp, line 21
Event: 13.170 Thread 0x000000001998d000 Exception <a 'java/lang/ClassNotFoundException': java/lang/ObjectCustomizer> (0x00000000d7017ba0) thrown at [C:\re\workspace\8-2-build-windows-amd64-cygwin\jdk8u111\7883\hotspot\src\share\vm\classfile\systemDictionary.cpp, line 210]
Event: 13.170 Thread 0x000000001998d000 Exception <a 'java/lang/ClassNotFoundException': com/comerzzia/jpos/servicios/login/SesionCustomizer> (0x00000000d70261c0) thrown at [C:\re\workspace\8-2-build-windows-amd64-cygwin\jdk8u111\7883\hotspot\src\share\vm\classfile\systemDictionary.cpp, line 21
Event: 13.178 Thread 0x000000001998d000 Exception <a 'java/lang/ClassNotFoundException': java/lang/ObjectCustomizer> (0x00000000d705d168) thrown at [C:\re\workspace\8-2-build-windows-amd64-cygwin\jdk8u111\7883\hotspot\src\share\vm\classfile\systemDictionary.cpp, line 210]
Event: 13.179 Thread 0x000000001998d000 Exception <a 'java/lang/ClassNotFoundException': com/comerzzia/jpos/servicios/login/SesionCustomizer> (0x00000000d706b788) thrown at [C:\re\workspace\8-2-build-windows-amd64-cygwin\jdk8u111\7883\hotspot\src\share\vm\classfile\systemDictionary.cpp, line 21

Events (10 events):
Event: 14.527 Thread 0x00000000195d1000 flushing nmethod 0x000000000323dbd0
Event: 14.528 Thread 0x00000000195d1000 flushing nmethod 0x0000000003379090
Event: 14.528 loading class com/comerzzia/jpos/gui/credito/tarjeta/JPagarCreditoDirecto$3
Event: 14.528 loading class com/comerzzia/jpos/gui/credito/tarjeta/JPagarCreditoDirecto$3 done
Event: 14.538 loading class com/comerzzia/jpos/gui/credito/tarjeta/JPagarCreditoDirecto$4
Event: 14.538 loading class com/comerzzia/jpos/gui/credito/tarjeta/JPagarCreditoDirecto$4 done
Event: 14.543 loading class com/comerzzia/jpos/gui/credito/tarjeta/JPagarCreditoDirecto$5
Event: 14.543 loading class com/comerzzia/jpos/gui/credito/tarjeta/JPagarCreditoDirecto$5 done
Event: 14.551 loading class com/comerzzia/jpos/gui/credito/tarjeta/JPagarCreditoDirecto$6
Event: 14.551 loading class com/comerzzia/jpos/gui/credito/tarjeta/JPagarCreditoDirecto$6 done


Dynamic libraries:
0x00007ff7080a0000 - 0x00007ff7080d7000 	C:\Program Files\Java\jdk1.8.0_111\bin\java.exe
0x00007ffc082e0000 - 0x00007ffc084d0000 	C:\WINDOWS\SYSTEM32\ntdll.dll
0x00007ffc06ad0000 - 0x00007ffc06b82000 	C:\WINDOWS\System32\KERNEL32.DLL
0x00007ffc05320000 - 0x00007ffc055c3000 	C:\WINDOWS\System32\KERNELBASE.dll
0x00007ffc069a0000 - 0x00007ffc06a43000 	C:\WINDOWS\System32\ADVAPI32.dll
0x00007ffc06900000 - 0x00007ffc0699e000 	C:\WINDOWS\System32\msvcrt.dll
0x00007ffc08150000 - 0x00007ffc081e7000 	C:\WINDOWS\System32\sechost.dll
0x00007ffc06ba0000 - 0x00007ffc06cc0000 	C:\WINDOWS\System32\RPCRT4.dll
0x00007ffc077c0000 - 0x00007ffc07954000 	C:\WINDOWS\System32\USER32.dll
0x00007ffc06300000 - 0x00007ffc06321000 	C:\WINDOWS\System32\win32u.dll
0x00007ffc06780000 - 0x00007ffc067a6000 	C:\WINDOWS\System32\GDI32.dll
0x00007ffc05f90000 - 0x00007ffc06124000 	C:\WINDOWS\System32\gdi32full.dll
0x00007ffc05670000 - 0x00007ffc0570e000 	C:\WINDOWS\System32\msvcp_win.dll
0x00007ffc05e90000 - 0x00007ffc05f8a000 	C:\WINDOWS\System32\ucrtbase.dll
0x00007ffbf7be0000 - 0x00007ffbf7e65000 	C:\WINDOWS\WinSxS\amd64_microsoft.windows.common-controls_6595b64144ccf1df_6.0.18362.720_none_e6beb5c51314836b\COMCTL32.dll
0x00007ffc06cc0000 - 0x00007ffc06ff6000 	C:\WINDOWS\System32\combase.dll
0x00007ffc06280000 - 0x00007ffc06300000 	C:\WINDOWS\System32\bcryptPrimitives.dll
0x00007ffc07960000 - 0x00007ffc0798e000 	C:\WINDOWS\System32\IMM32.DLL
0x00000000565d0000 - 0x00000000566a2000 	C:\Program Files\Java\jdk1.8.0_111\jre\bin\msvcr100.dll
0x00000000566b0000 - 0x0000000056f4a000 	C:\Program Files\Java\jdk1.8.0_111\jre\bin\server\jvm.dll
0x00007ffc06b90000 - 0x00007ffc06b98000 	C:\WINDOWS\System32\PSAPI.DLL
0x00007ffbfa3c0000 - 0x00007ffbfa3c9000 	C:\WINDOWS\SYSTEM32\WSOCK32.dll
0x00007ffc03110000 - 0x00007ffc03134000 	C:\WINDOWS\SYSTEM32\WINMM.dll
0x00007ffbfe260000 - 0x00007ffbfe26a000 	C:\WINDOWS\SYSTEM32\VERSION.dll
0x00007ffc076f0000 - 0x00007ffc0775f000 	C:\WINDOWS\System32\WS2_32.dll
0x00007ffc030e0000 - 0x00007ffc0310d000 	C:\WINDOWS\SYSTEM32\winmmbase.dll
0x00007ffc055d0000 - 0x00007ffc0561a000 	C:\WINDOWS\System32\cfgmgr32.dll
0x0000000056580000 - 0x000000005658f000 	C:\Program Files\Java\jdk1.8.0_111\jre\bin\verify.dll
0x0000000056550000 - 0x0000000056579000 	C:\Program Files\Java\jdk1.8.0_111\jre\bin\java.dll
0x0000000056530000 - 0x0000000056546000 	C:\Program Files\Java\jdk1.8.0_111\jre\bin\zip.dll
0x00007ffc07000000 - 0x00007ffc076e5000 	C:\WINDOWS\System32\SHELL32.dll
0x00007ffc081f0000 - 0x00007ffc08299000 	C:\WINDOWS\System32\shcore.dll
0x00007ffc05710000 - 0x00007ffc05e90000 	C:\WINDOWS\System32\windows.storage.dll
0x00007ffc05220000 - 0x00007ffc05243000 	C:\WINDOWS\System32\profapi.dll
0x00007ffc051d0000 - 0x00007ffc0521a000 	C:\WINDOWS\System32\powrprof.dll
0x00007ffc051a0000 - 0x00007ffc051b0000 	C:\WINDOWS\System32\UMPDC.dll
0x00007ffc068a0000 - 0x00007ffc068f2000 	C:\WINDOWS\System32\shlwapi.dll
0x00007ffc051b0000 - 0x00007ffc051c1000 	C:\WINDOWS\System32\kernel.appcore.dll
0x00007ffc05620000 - 0x00007ffc05637000 	C:\WINDOWS\System32\cryptsp.dll
0x0000000056350000 - 0x00000000564e8000 	C:\Program Files\Java\jdk1.8.0_111\jre\bin\awt.dll
0x00007ffc064f0000 - 0x00007ffc065b4000 	C:\WINDOWS\System32\OLEAUT32.dll
0x00007ffc03350000 - 0x00007ffc033df000 	C:\WINDOWS\SYSTEM32\apphelp.dll
0x00007ffc03520000 - 0x00007ffc035b9000 	C:\WINDOWS\system32\uxtheme.dll
0x00007ffc065c0000 - 0x00007ffc066f6000 	C:\WINDOWS\System32\MSCTF.dll
0x00007ffbd5c60000 - 0x00007ffbd5ce7000 	C:\Program Files (x86)\TeamViewer\tv_x64.dll
0x00007ffc06390000 - 0x00007ffc064e7000 	C:\WINDOWS\System32\ole32.dll
0x0000000056510000 - 0x000000005652a000 	C:\Program Files\Java\jdk1.8.0_111\jre\bin\net.dll
0x00007ffc049b0000 - 0x00007ffc04a17000 	C:\WINDOWS\system32\mswsock.dll
0x00007ffc04700000 - 0x00007ffc047ca000 	C:\WINDOWS\SYSTEM32\DNSAPI.dll
0x00007ffc06a50000 - 0x00007ffc06a58000 	C:\WINDOWS\System32\NSI.dll
0x00007ffc046c0000 - 0x00007ffc046fa000 	C:\WINDOWS\SYSTEM32\IPHLPAPI.DLL
0x00007ffbfa820000 - 0x00007ffbfa82a000 	C:\Windows\System32\rasadhlp.dll
0x00007ffbfe500000 - 0x00007ffbfe577000 	C:\WINDOWS\System32\fwpuclnt.dll
0x00007ffc05640000 - 0x00007ffc05666000 	C:\WINDOWS\System32\bcrypt.dll
0x00000000561a0000 - 0x00000000561c4000 	C:\Program Files\Java\jdk1.8.0_111\jre\bin\sunec.dll
0x00007ffbfef00000 - 0x00007ffbfef16000 	C:\WINDOWS\SYSTEM32\dhcpcsvc6.DLL
0x00007ffbff830000 - 0x00007ffbff84c000 	C:\WINDOWS\SYSTEM32\dhcpcsvc.DLL
0x00000000564f0000 - 0x0000000056501000 	C:\Program Files\Java\jdk1.8.0_111\jre\bin\nio.dll
0x0000000057e30000 - 0x0000000057e3d000 	C:\Program Files\Java\jdk1.8.0_111\jre\bin\management.dll
0x00007ffbf6ca0000 - 0x00007ffbf6cb6000 	C:\WINDOWS\system32\napinsp.dll
0x00007ffbf6c80000 - 0x00007ffbf6c9a000 	C:\WINDOWS\system32\pnrpnsp.dll
0x00007ffbf6cf0000 - 0x00007ffbf6cfe000 	C:\WINDOWS\System32\winrnr.dll
0x00007ffc019f0000 - 0x00007ffc01a0c000 	C:\WINDOWS\system32\NLAapi.dll
0x00007ffbf6c60000 - 0x00007ffbf6c75000 	C:\WINDOWS\system32\wshbth.dll
0x00007ffc04520000 - 0x00007ffc04553000 	C:\WINDOWS\system32\rsaenh.dll
0x00007ffc050c0000 - 0x00007ffc050e5000 	C:\WINDOWS\SYSTEM32\USERENV.dll
0x00007ffc04b80000 - 0x00007ffc04b8c000 	C:\WINDOWS\SYSTEM32\CRYPTBASE.dll
0x00007ffc03a50000 - 0x00007ffc03a7d000 	C:\WINDOWS\system32\DWMAPI.DLL
0x0000000056300000 - 0x0000000056347000 	C:\Program Files\Java\jdk1.8.0_111\jre\bin\fontmanager.dll
0x00000000562b0000 - 0x00000000562f2000 	C:\Program Files\Java\jdk1.8.0_111\jre\bin\t2k.dll
0x0000000055d70000 - 0x0000000055da1000 	C:\Program Files\Java\jdk1.8.0_111\jre\bin\jpeg.dll
0x0000000055db0000 - 0x0000000055dec000 	C:\Program Files\Java\jdk1.8.0_111\jre\bin\lcms.dll

VM Arguments:
java_command: com.comerzzia.jpos.gui.main.TPV
java_class_path (initial): C:\projects\POS\TPV\target\classes;C:\Users\DESARROLLO\.m2\repository\es\mpsistemas\util\mps-util\1.3.1\mps-util-1.3.1.jar;C:\Users\DESARROLLO\.m2\repository\ch\ntb\usb\ch-ntb-usb\0.5.9\ch-ntb-usb-0.5.9.jar;C:\Users\DESARROLLO\.m2\repository\com\oracle\ojdbc6\11.1.0.6.0\ojdbc6-11.1.0.6.0.jar;C:\Users\DESARROLLO\.m2\repository\sqlserver\sqlserver\1.1\sqlserver-1.1.jar;C:\Users\DESARROLLO\.m2\repository\javamail\javamail\1.4\javamail-1.4.jar;C:\Users\DESARROLLO\.m2\repository\uc_caja_seg2\uc_caja_seg\1.1\uc_caja_seg-1.1.jar;C:\Users\DESARROLLO\.m2\repository\org\mybatis\mybatis\3.1.1\mybatis-3.1.1.jar;C:\Users\DESARROLLO\.m2\repository\mysql\mysql-connector-java\5.1.6\mysql-connector-java-5.1.6.jar;C:\Users\DESARROLLO\.m2\repository\log4j\log4j\1.2.13\log4j-1.2.13.jar;C:\Users\DESARROLLO\.m2\repository\net\sf\barcode4j\barcode4j\2.0\barcode4j-2.0.jar;C:\Users\DESARROLLO\.m2\repository\avalon-framework\avalon-framework-impl\4.2.0\avalon-framework-impl-4.2.0.jar;C:\Users\DESARROLLO\.m2\repository\xml-apis\xml-apis\1.3.04\xml-apis-1.3.04.jar;C:\Users\DESARROLLO\.m2\repository\com\toedter\jcalendar\1.2.2\jcalendar-1.2.2.jar;C:\Users\DESARROLLO\.m2\repository\commons-collections\commons-collections\3.1\commons-collections-3.1.jar;C:\Users\DESARROLLO\.m2\repository\commons-lang\commons-lang\2.1\commons-lang-2.1.jar;C:\Users\DESARROLLO\.m2\repository\velocity\velocity\1.5\velocity-1.5.jar;C:\Users\DESARROLLO\.m2\repository\oro\oro\2.0.8\oro-2.0.8.jar;C:\Users\DESARROLLO\.m2\repository\net\sourceforge\jexcelapi\jxl\2.6.12\jxl-2.6.12.jar;C:\Users\DESARROLLO\.m2\repository\org\jdesktop\beansbinding\1.2.1\beansbinding-1.2.1.jar;C:\Users\DESARROLLO\.m2\repository\org\rxtx\rxtx\2.1.7\rxtx-2.1.7.jar;C:\Users\DESARROLLO\.m2\repository\org\eclipse\persistence\eclipselink\2.5.0\eclipselink-2.5.0.jar;C:\Users\DESARROLLO\.m2\repository\org\eclipse\persistence\commonj.sdo\2.1.1\commonj.sdo-2.1.1.jar;C:\Users\DESARROLLO\.m2\repository\jpos\jpos\1.12.1\jpos-1.1
Launcher Type: SUN_STANDARD

Environment Variables:
JAVA_HOME=C:\Program Files\Java\jdk1.8.0_111
JRE_HOME=C:\Program Files\Java\jre1.8.0_231
PATH=C:\Program Files (x86)\Common Files\Oracle\Java\javapath;C:\app\DESARROLLO\product\11.2.0\dbhome_1\bin;C:\ProgramData\Oracle\Java\javapath;C:\WINDOWS\system32;C:\WINDOWS;C:\WINDOWS\System32\Wbem;C:\WINDOWS\System32\WindowsPowerShell\v1.0\;C:\WINDOWS\System32\OpenSSH\;C:\Program Files (x86)\AOMEI Backupper;C:\Program Files\PuTTY\;C:\Program Files\Java\jdk1.8.0_111\bin;%ZOOPEEKER_HOME%\bin;C:\Program Files\TortoiseSVN\bin;C:\Users\DESARROLLO\AppData\Local\Microsoft\WindowsApps;C:\Users\DESARROLLO\AppData\Local\Programs\Microsoft VS Code\bin;C:\apache-maven-3.5.0\bin;
USERNAME=DESARROLLO
OS=Windows_NT
PROCESSOR_IDENTIFIER=Intel64 Family 6 Model 60 Stepping 3, GenuineIntel



---------------  S Y S T E M  ---------------

OS: Windows 10.0 , 64 bit Build 18362 (10.0.18362.329)

CPU:total 8 (4 cores per cpu, 2 threads per core) family 6 model 60 stepping 3, cmov, cx8, fxsr, mmx, sse, sse2, sse3, ssse3, sse4.1, sse4.2, popcnt, avx, avx2, aes, clmul, erms, lzcnt, ht, tsc, tscinvbit, bmi1, bmi2

Memory: 4k page, physical 8315032k(344248k free), swap 33480856k(2140k free)

vm_info: Java HotSpot(TM) 64-Bit Server VM (25.111-b14) for windows-amd64 JRE (1.8.0_111-b14), built on Sep 22 2016 19:24:05 by "java_re" with MS VC++ 10.0 (VS2010)

time: Thu Apr 02 19:49:22 2020
elapsed time: 14 seconds (0d 0h 0m 14s)

